 
****************************************
Report : area
Design : JAM
Version: Q-2019.12
Date   : Wed Mar  1 22:09:32 2023
****************************************

Library(s) Used:

    slow (File: /home/cell_lib/CBDK_IC_Contest_v2.5/SynopsysDC/db/slow.db)

Number of ports:                           62
Number of nets:                           929
Number of cells:                          822
Number of combinational cells:            741
Number of sequential cells:                79
Number of macros/black boxes:               0
Number of buf/inv:                        125
Number of references:                      67

Combinational area:               6404.290203
Buf/Inv area:                      750.250807
Noncombinational area:            2724.326967
Macro/Black Box area:                0.000000
Net Interconnect area:          120120.602051

Total cell area:                  9128.617171
Total area:                     129249.219221
1
