 
****************************************
Report : timing
        -path full
        -delay max
        -max_paths 1
Design : JAM
Version: Q-2019.12
Date   : Wed Mar  1 22:09:32 2023
****************************************

Operating Conditions: slow   Library: slow
Wire Load Model Mode: top

  Startpoint: Cost[1] (input port clocked by CLK)
  Endpoint: cost_sum_reg[9]
            (rising edge-triggered flip-flop clocked by CLK)
  Path Group: CLK
  Path Type: max

  Des/Clust/Port     Wire Load Model       Library
  ------------------------------------------------
  JAM                tsmc13_wl10           slow

  Point                                    Incr       Path
  -----------------------------------------------------------
  clock CLK (fall edge)                    5.00       5.00
  clock network delay (ideal)              0.50       5.50
  input external delay                     0.00       5.50 f
  Cost[1] (in)                             0.00       5.50 f
  add_174_S2/B[1] (JAM_DW01_add_0)         0.00       5.50 f
  add_174_S2/U1_1/CO (ADDFXL)              0.69       6.19 f
  add_174_S2/U1_2/CO (ADDFXL)              0.53       6.72 f
  add_174_S2/U1_3/CO (ADDFXL)              0.53       7.25 f
  add_174_S2/U1_4/CO (ADDFXL)              0.53       7.77 f
  add_174_S2/U1_5/CO (ADDFXL)              0.53       8.30 f
  add_174_S2/U1_6/CO (ADDFXL)              0.62       8.92 f
  add_174_S2/U7/Y (AND2X2)                 0.33       9.25 f
  add_174_S2/U6/Y (NAND2X1)                0.18       9.43 r
  add_174_S2/U2/Y (XNOR2X1)                0.25       9.69 r
  add_174_S2/SUM[9] (JAM_DW01_add_0)       0.00       9.69 r
  U896/Y (NOR2BX1)                         0.28       9.97 r
  cost_sum_reg[9]/D (DFFRX1)               0.00       9.97 r
  data arrival time                                   9.97

  clock CLK (rise edge)                   10.00      10.00
  clock network delay (ideal)              0.50      10.50
  clock uncertainty                       -0.10      10.40
  cost_sum_reg[9]/CK (DFFRX1)              0.00      10.40 r
  library setup time                      -0.27      10.13
  data required time                                 10.13
  -----------------------------------------------------------
  data required time                                 10.13
  data arrival time                                  -9.97
  -----------------------------------------------------------
  slack (MET)                                         0.16


1
